<?xml version="1.0" encoding="UTF-8"?>
<!-- Generated by org.testng.reporters.JUnitReportReporter -->
<testsuite hostname="DESKTOP-0PSEAHP" failures="0" tests="3" name="TestAutomation.Test.OrderPlacement" time="73.028" errors="0" timestamp="2024-08-29T15:44:50 IST" skipped="0">
  <testcase classname="TestAutomation.Test.OrderPlacement" name="orderHistoryTest" time="33.149"/>
  <testcase classname="TestAutomation.Test.OrderPlacement" name="placeOrder" time="19.877"/>
  <testcase classname="TestAutomation.Test.OrderPlacement" name="placeOrder" time="20.002"/>
</testsuite> <!-- TestAutomation.Test.OrderPlacement -->
