<?xml version="1.0" encoding="UTF-8"?>
<!-- Generated by org.testng.reporters.JUnitReportReporter -->
<testsuite hostname="DESKTOP-0PSEAHP" failures="0" tests="2" name="cucumber.TestNGRunner" time="52.639" errors="0" timestamp="2024-08-30T19:02:36 IST" skipped="0">
  <testcase classname="cucumber.TestNGRunner" name="runScenario" time="32.348"/>
  <testcase classname="cucumber.TestNGRunner" name="runScenario" time="20.291"/>
</testsuite> <!-- cucumber.TestNGRunner -->
