<?xml version="1.0" encoding="UTF-8"?>
<!-- Generated by org.testng.reporters.JUnitReportReporter -->
<testsuite hostname="DESKTOP-0PSEAHP" failures="0" tests="1" name="TestAutomation.OrderPlacement" time="10.704" errors="0" timestamp="2024-08-28T00:14:53 IST" skipped="0">
  <testcase classname="TestAutomation.OrderPlacement" name="placeOrder" time="10.704"/>
</testsuite> <!-- TestAutomation.OrderPlacement -->
