<?xml version="1.0" encoding="UTF-8"?>
<!-- Generated by org.testng.reporters.JUnitReportReporter -->
<testsuite hostname="DESKTOP-0PSEAHP" failures="0" tests="3" name="TestAutomation.Test.OrderPlacement" time="106.754" errors="0" timestamp="2024-08-29T22:01:33 IST" skipped="0">
  <testcase classname="TestAutomation.Test.OrderPlacement" name="placeOrder" time="18.249"/>
  <testcase classname="TestAutomation.Test.OrderPlacement" name="orderHistoryTest" time="33.241"/>
  <testcase classname="TestAutomation.Test.OrderPlacement" name="placeOrder" time="55.264"/>
</testsuite> <!-- TestAutomation.Test.OrderPlacement -->
