<?xml version="1.0" encoding="UTF-8"?>
<!-- Generated by org.testng.reporters.JUnitReportReporter -->
<testsuite hostname="DESKTOP-0PSEAHP" failures="0" tests="2" name="TestAutomation.Test.ErrorValidation" time="71.937" errors="0" timestamp="2024-08-29T22:01:33 IST" skipped="0">
  <testcase classname="TestAutomation.Test.ErrorValidation" name="ProductErrorValidation" time="36.768"/>
  <testcase classname="TestAutomation.Test.ErrorValidation" name="LoginErrorValidation" time="35.169"/>
</testsuite> <!-- TestAutomation.Test.ErrorValidation -->
