<?xml version="1.0" encoding="UTF-8"?>
<!-- Generated by org.testng.reporters.JUnitReportReporter -->
<testsuite hostname="DESKTOP-0PSEAHP" failures="0" tests="1" name="cucumber.TestNGRunner" time="36.191" errors="0" timestamp="2024-08-30T19:12:44 IST" skipped="0">
  <testcase classname="cucumber.TestNGRunner" name="runScenario" time="36.191"/>
</testsuite> <!-- cucumber.TestNGRunner -->
